        Reconditioner Logfile - post_elaborate - project_top
        ____________________________________________________

ACE -- Achronix CAD Environment -- Version 9.0.1 -- Build  405518 -- Date 2023-03-01 00:42

Design: vp_project - impl_1 - project_top
Device: AC7t1500
Generated on Mon May 15 11:06:57 PDT 2023
Host: simtool-5

INFO: Cannot push flop(s) into OPIN pin debugger.x_jtap_interface.x_acx_jtap.x_r2c_usr1_tdo/pin:din. One or more DFF instances in fanout are negative edge triggered.
    example: DFFN debugger.x_jtap_interface.x_acx_jtap.x_c2rc_usr1_tdo/pin:ckn (driver = CLK_IPIN debugger.x_jtap_interface.x_acx_jtap.clk_ipin_tck/pin:dout)
INFO: Cannot push flop(s) into OPIN pin debugger.x_jtap_interface.x_acx_jtap.x_r2c_usr1_tdo/pin:din. This pad is not marked with the "ace_useioff=1" attribute.
INFO: Cannot push flop(s) into OPIN pin debugger.x_jtap_interface.x_acx_jtap.x_r2c_usr2_tdo/pin:din. One or more DFF instances in fanout are negative edge triggered.
    example: DFFN debugger.x_jtap_interface.x_acx_jtap.x_c2rc_usr2_tdo/pin:ckn (driver = CLK_IPIN debugger.x_jtap_interface.x_acx_jtap.clk_ipin_tck/pin:dout)
INFO: Cannot push flop(s) into OPIN pin debugger.x_jtap_interface.x_acx_jtap.x_r2c_usr2_tdo/pin:din. This pad is not marked with the "ace_useioff=1" attribute.
INFO: Cannot push flop(s) into OPIN pin led_l[0]_opin/pin:din. This pad is not marked with the "ace_useioff=1" attribute.
INFO: Cannot push flop(s) into OPIN pin led_l[1]_opin/pin:din. This pad is not marked with the "ace_useioff=1" attribute.
INFO: Cannot push flop(s) into OPIN pin led_l[2]_opin/pin:din. This pad is not marked with the "ace_useioff=1" attribute.
INFO: Cannot push flop(s) into OPIN pin led_l[3]_opin/pin:din. This pad is not marked with the "ace_useioff=1" attribute.
INFO: Cannot push flop(s) into OPIN pin led_l[4]_opin/pin:din. This pad is not marked with the "ace_useioff=1" attribute.
INFO: Cannot push flop(s) into OPIN pin led_l[5]_opin/pin:din. This pad is not marked with the "ace_useioff=1" attribute.
INFO: Cannot push flop(s) into OPIN pin led_l[6]_opin/pin:din. This pad is not marked with the "ace_useioff=1" attribute.
INFO: Cannot push flop(s) into OPIN pin led_l[7]_opin/pin:din. This pad is not marked with the "ace_useioff=1" attribute.
INFO: Cannot push flop(s) into IPIN pin debugger.x_jtap_interface.x_acx_jtap.x_r2c_jtag_reset_n/pin:dout. One or more DFF instances in fanout are negative edge triggered.
    example: DFFN debugger.x_jtap_interface.x_acx_jtap.x_r2cc_jtag_reset_n/pin:ckn (driver = CLK_IPIN debugger.x_jtap_interface.x_acx_jtap.clk_ipin_tck/pin:dout)
INFO: Cannot push flop(s) into IPIN pin debugger.x_jtap_interface.x_acx_jtap.x_r2c_jtag_reset_n/pin:dout. This pad is not marked with the "ace_useioff=1" attribute.
INFO: Cannot push flop(s) into IPIN instance debugger.x_jtap_interface.x_acx_jtap.x_r2c_tdi_core. The receive side of the IO Pin is already registered.
INFO: Cannot push flop(s) into IPIN pin debugger.x_jtap_interface.x_acx_jtap.x_r2c_tdi_core/pin:dout. DFF instances in fanout do not all share the same "enable" input.
    example #1: DFFNE debugger.x_snapshot.x_acx_jtap_unit.a_shift_reg.genblk1_s_5_/pin:ce (driver = LUT6 debugger.x_snapshot.x_acx_jtap_unit.a_shift_reg.genblk1.s_10_0/pin:dout)
    example #2: DFFNE debugger.x_jtap_interface.x_select.genblk1_s_5_/pin:ce (driver = LUT6 debugger.x_jtap_interface.x_select.un1_s8_i/pin:dout)
INFO: Cannot push flop(s) into IPIN pin debugger.x_jtap_interface.x_acx_jtap.x_r2c_tdi_core/pin:dout. One or more DFF instances in fanout are negative edge triggered.
    example: DFFNE debugger.x_jtap_interface.x_select.genblk1_s_5_/pin:ckn (driver = CLK_IPIN debugger.x_jtap_interface.x_acx_jtap.clk_ipin_tck/pin:dout)
INFO: Cannot push flop(s) into IPIN pin debugger.x_jtap_interface.x_acx_jtap.x_r2c_tdi_core/pin:dout. This pad is not marked with the "ace_useioff=1" attribute.
INFO: Cannot push flop(s) into IPIN pin debugger.x_jtap_interface.x_acx_jtap.x_r2c_update_dr/pin:dout. One or more DFF instances in fanout are negative edge triggered.
    example: DFFN debugger.x_jtap_interface.x_acx_jtap.x_r2cc_update_dr/pin:ckn (driver = CLK_IPIN debugger.x_jtap_interface.x_acx_jtap.clk_ipin_tck/pin:dout)
INFO: Cannot push flop(s) into IPIN pin debugger.x_jtap_interface.x_acx_jtap.x_r2c_update_dr/pin:dout. This pad is not marked with the "ace_useioff=1" attribute.
INFO: Disconnected net debugger.x_snapshot.x_monitor.x_pre_store.GND from ALU8i pin debugger.x_snapshot.x_monitor.x_pre_store.un1_pre_store_extra_1_cry_8_0_0:a[7] because all higher-significance outputs are unused
INFO: Disconnected net debugger.x_snapshot.x_monitor.x_pre_store.GND from ALU8i pin debugger.x_snapshot.x_monitor.x_pre_store.un1_pre_store_extra_1_cry_8_0_0:b[7] because all higher-significance outputs are unused
INFO: Disconnected net debugger.x_snapshot.x_monitor.x_pre_store.GND from ALU8i pin debugger.x_snapshot.x_monitor.x_pre_store.un1_pre_store_extra_1_cry_8_0_0:a[6] because all higher-significance outputs are unused
INFO: Disconnected net debugger.x_snapshot.x_monitor.x_pre_store.GND from ALU8i pin debugger.x_snapshot.x_monitor.x_pre_store.un1_pre_store_extra_1_cry_8_0_0:b[6] because all higher-significance outputs are unused
INFO: Disconnected net debugger.x_snapshot.x_monitor.x_pre_store.GND from ALU8i pin debugger.x_snapshot.x_monitor.x_pre_store.un1_pre_store_extra_1_cry_8_0_0:a[5] because all higher-significance outputs are unused
INFO: Disconnected net debugger.x_snapshot.x_monitor.x_pre_store.GND from ALU8i pin debugger.x_snapshot.x_monitor.x_pre_store.un1_pre_store_extra_1_cry_8_0_0:b[5] because all higher-significance outputs are unused
INFO: Disconnected net debugger.x_snapshot.x_monitor.x_pre_store.GND from ALU8i pin debugger.x_snapshot.x_monitor.x_pre_store.un1_pre_store_extra_1_cry_8_0_0:a[4] because all higher-significance outputs are unused
INFO: Disconnected net debugger.x_snapshot.x_monitor.x_pre_store.GND from ALU8i pin debugger.x_snapshot.x_monitor.x_pre_store.un1_pre_store_extra_1_cry_8_0_0:b[4] because all higher-significance outputs are unused
INFO: Disconnected net debugger.x_snapshot.x_monitor.x_pre_store.GND from ALU8i pin debugger.x_snapshot.x_monitor.x_pre_store.un1_pre_store_extra_1_cry_8_0_0:a[3] because all higher-significance outputs are unused
INFO: Disconnected net debugger.x_snapshot.x_monitor.x_pre_store.GND from ALU8i pin debugger.x_snapshot.x_monitor.x_pre_store.un1_pre_store_extra_1_cry_8_0_0:b[3] because all higher-significance outputs are unused
INFO: Disconnected net debugger.x_snapshot.x_monitor.x_wide_fifo.x_bram_fifo_ctrl.GND from ALU8i pin debugger.x_snapshot.x_monitor.x_wide_fifo.x_bram_fifo_ctrl.num_items_cry_0_7_:a[7] because all higher-significance outputs are unused
INFO: Disconnected net debugger.x_snapshot.x_monitor.x_wide_fifo.x_bram_fifo_ctrl.GND from ALU8i pin debugger.x_snapshot.x_monitor.x_wide_fifo.x_bram_fifo_ctrl.num_items_cry_0_7_:b[7] because all higher-significance outputs are unused
INFO: Disconnected net debugger.x_snapshot.x_monitor.x_wide_fifo.x_bram_fifo_ctrl.GND from ALU8i pin debugger.x_snapshot.x_monitor.x_wide_fifo.x_bram_fifo_ctrl.num_items_cry_0_7_:a[6] because all higher-significance outputs are unused
INFO: Disconnected net debugger.x_snapshot.x_monitor.x_wide_fifo.x_bram_fifo_ctrl.GND from ALU8i pin debugger.x_snapshot.x_monitor.x_wide_fifo.x_bram_fifo_ctrl.num_items_cry_0_7_:b[6] because all higher-significance outputs are unused
INFO: Disconnected net debugger.x_snapshot.x_monitor.x_wide_fifo.x_bram_fifo_ctrl.GND from ALU8i pin debugger.x_snapshot.x_monitor.x_wide_fifo.x_bram_fifo_ctrl.num_items_cry_0_7_:a[5] because all higher-significance outputs are unused
INFO: Disconnected net debugger.x_snapshot.x_monitor.x_wide_fifo.x_bram_fifo_ctrl.GND from ALU8i pin debugger.x_snapshot.x_monitor.x_wide_fifo.x_bram_fifo_ctrl.num_items_cry_0_7_:b[5] because all higher-significance outputs are unused
INFO: Disconnected net debugger.x_snapshot.x_monitor.x_wide_fifo.x_bram_fifo_ctrl.GND from ALU8i pin debugger.x_snapshot.x_monitor.x_wide_fifo.x_bram_fifo_ctrl.num_items_cry_0_7_:a[4] because all higher-significance outputs are unused
INFO: Disconnected net debugger.x_snapshot.x_monitor.x_wide_fifo.x_bram_fifo_ctrl.GND from ALU8i pin debugger.x_snapshot.x_monitor.x_wide_fifo.x_bram_fifo_ctrl.num_items_cry_0_7_:b[4] because all higher-significance outputs are unused
INFO: Disconnected net debugger.x_snapshot.x_monitor.x_wide_fifo.stage_0__x_deep_fifo.GND from ALU8i pin debugger.x_snapshot.x_monitor.x_wide_fifo.stage_0__x_deep_fifo.wr_addr_cry_0_8_:a[7] because all higher-significance outputs are unused
INFO: Disconnected net debugger.x_snapshot.x_monitor.x_wide_fifo.stage_0__x_deep_fifo.GND from ALU8i pin debugger.x_snapshot.x_monitor.x_wide_fifo.stage_0__x_deep_fifo.wr_addr_cry_0_8_:b[7] because all higher-significance outputs are unused
INFO: Disconnected net debugger.x_snapshot.x_monitor.x_wide_fifo.stage_0__x_deep_fifo.GND from ALU8i pin debugger.x_snapshot.x_monitor.x_wide_fifo.stage_0__x_deep_fifo.wr_addr_cry_0_8_:a[6] because all higher-significance outputs are unused
INFO: Disconnected net debugger.x_snapshot.x_monitor.x_wide_fifo.stage_0__x_deep_fifo.GND from ALU8i pin debugger.x_snapshot.x_monitor.x_wide_fifo.stage_0__x_deep_fifo.wr_addr_cry_0_8_:b[6] because all higher-significance outputs are unused
INFO: Disconnected net debugger.x_snapshot.x_monitor.x_wide_fifo.stage_0__x_deep_fifo.GND from ALU8i pin debugger.x_snapshot.x_monitor.x_wide_fifo.stage_0__x_deep_fifo.wr_addr_cry_0_8_:a[5] because all higher-significance outputs are unused
INFO: Disconnected net debugger.x_snapshot.x_monitor.x_wide_fifo.stage_0__x_deep_fifo.GND from ALU8i pin debugger.x_snapshot.x_monitor.x_wide_fifo.stage_0__x_deep_fifo.wr_addr_cry_0_8_:b[5] because all higher-significance outputs are unused
INFO: Disconnected net debugger.x_snapshot.x_monitor.x_wide_fifo.stage_0__x_deep_fifo.GND from ALU8i pin debugger.x_snapshot.x_monitor.x_wide_fifo.stage_0__x_deep_fifo.wr_addr_cry_0_8_:a[4] because all higher-significance outputs are unused
INFO: Disconnected net debugger.x_snapshot.x_monitor.x_wide_fifo.stage_0__x_deep_fifo.GND from ALU8i pin debugger.x_snapshot.x_monitor.x_wide_fifo.stage_0__x_deep_fifo.wr_addr_cry_0_8_:b[4] because all higher-significance outputs are unused
INFO: Disconnected net debugger.x_snapshot.x_monitor.x_wide_fifo.stage_0__x_deep_fifo.GND from ALU8i pin debugger.x_snapshot.x_monitor.x_wide_fifo.stage_0__x_deep_fifo.wr_addr_cry_0_8_:a[3] because all higher-significance outputs are unused
INFO: Disconnected net debugger.x_snapshot.x_monitor.x_wide_fifo.stage_0__x_deep_fifo.GND from ALU8i pin debugger.x_snapshot.x_monitor.x_wide_fifo.stage_0__x_deep_fifo.wr_addr_cry_0_8_:b[3] because all higher-significance outputs are unused
INFO: Disconnected net debugger.x_snapshot.x_monitor.x_wide_fifo.stage_0__x_deep_fifo.GND from ALU8i pin debugger.x_snapshot.x_monitor.x_wide_fifo.stage_0__x_deep_fifo.wr_addr_cry_0_8_:a[2] because all higher-significance outputs are unused
INFO: Disconnected net debugger.x_snapshot.x_monitor.x_wide_fifo.stage_0__x_deep_fifo.GND from ALU8i pin debugger.x_snapshot.x_monitor.x_wide_fifo.stage_0__x_deep_fifo.wr_addr_cry_0_8_:b[2] because all higher-significance outputs are unused
INFO: Disconnected net debugger.x_snapshot.x_monitor.x_wide_fifo.stage_0__x_deep_fifo.GND from ALU8i pin debugger.x_snapshot.x_monitor.x_wide_fifo.stage_0__x_deep_fifo.un1_dut_name_idx_cry_0_0:a[7] because all higher-significance outputs are unused
INFO: Disconnected net debugger.x_snapshot.x_monitor.x_wide_fifo.stage_0__x_deep_fifo.GND from ALU8i pin debugger.x_snapshot.x_monitor.x_wide_fifo.stage_0__x_deep_fifo.un1_dut_name_idx_cry_0_0:b[7] because all higher-significance outputs are unused
INFO: Disconnected net debugger.x_snapshot.x_monitor.x_wide_fifo.stage_0__x_deep_fifo.GND from ALU8i pin debugger.x_snapshot.x_monitor.x_wide_fifo.stage_0__x_deep_fifo.un1_dut_name_idx_cry_0_0:a[6] because all higher-significance outputs are unused
INFO: Disconnected net debugger.x_snapshot.x_monitor.x_wide_fifo.stage_0__x_deep_fifo.GND from ALU8i pin debugger.x_snapshot.x_monitor.x_wide_fifo.stage_0__x_deep_fifo.un1_dut_name_idx_cry_0_0:b[6] because all higher-significance outputs are unused
INFO: Disconnected net debugger.x_snapshot.x_monitor.x_wide_fifo.stage_0__x_deep_fifo.GND from ALU8i pin debugger.x_snapshot.x_monitor.x_wide_fifo.stage_0__x_deep_fifo.un1_dut_name_idx_cry_0_0:a[5] because all higher-significance outputs are unused
INFO: Disconnected net debugger.x_snapshot.x_monitor.x_wide_fifo.stage_0__x_deep_fifo.GND from ALU8i pin debugger.x_snapshot.x_monitor.x_wide_fifo.stage_0__x_deep_fifo.un1_dut_name_idx_cry_0_0:b[5] because all higher-significance outputs are unused
INFO: Disconnected net debugger.x_snapshot.x_monitor.x_wide_fifo.stage_0__x_deep_fifo.GND from ALU8i pin debugger.x_snapshot.x_monitor.x_wide_fifo.stage_0__x_deep_fifo.un1_rd_addr_cry_7_0:a[7] because all higher-significance outputs are unused
INFO: Disconnected net debugger.x_snapshot.x_monitor.x_wide_fifo.stage_0__x_deep_fifo.GND from ALU8i pin debugger.x_snapshot.x_monitor.x_wide_fifo.stage_0__x_deep_fifo.un1_rd_addr_cry_7_0:b[7] because all higher-significance outputs are unused
INFO: Disconnected net debugger.x_snapshot.x_monitor.x_wide_fifo.stage_0__x_deep_fifo.GND from ALU8i pin debugger.x_snapshot.x_monitor.x_wide_fifo.stage_0__x_deep_fifo.un1_rd_addr_cry_7_0:a[6] because all higher-significance outputs are unused
INFO: Disconnected net debugger.x_snapshot.x_monitor.x_wide_fifo.stage_0__x_deep_fifo.GND from ALU8i pin debugger.x_snapshot.x_monitor.x_wide_fifo.stage_0__x_deep_fifo.un1_rd_addr_cry_7_0:b[6] because all higher-significance outputs are unused
INFO: Disconnected net debugger.x_snapshot.x_monitor.x_wide_fifo.stage_0__x_deep_fifo.GND from ALU8i pin debugger.x_snapshot.x_monitor.x_wide_fifo.stage_0__x_deep_fifo.un1_rd_addr_cry_7_0:a[5] because all higher-significance outputs are unused
INFO: Disconnected net debugger.x_snapshot.x_monitor.x_wide_fifo.stage_0__x_deep_fifo.GND from ALU8i pin debugger.x_snapshot.x_monitor.x_wide_fifo.stage_0__x_deep_fifo.un1_rd_addr_cry_7_0:b[5] because all higher-significance outputs are unused
INFO: Disconnected net debugger.x_snapshot.x_monitor.x_wide_fifo.stage_0__x_deep_fifo.GND from ALU8i pin debugger.x_snapshot.x_monitor.x_wide_fifo.stage_0__x_deep_fifo.un1_rd_addr_cry_7_0:a[4] because all higher-significance outputs are unused
INFO: Disconnected net debugger.x_snapshot.x_monitor.x_wide_fifo.stage_0__x_deep_fifo.GND from ALU8i pin debugger.x_snapshot.x_monitor.x_wide_fifo.stage_0__x_deep_fifo.un1_rd_addr_cry_7_0:b[4] because all higher-significance outputs are unused
INFO: Disconnected net debugger.x_snapshot.x_monitor.x_wide_fifo.stage_0__x_deep_fifo.GND from ALU8i pin debugger.x_snapshot.x_monitor.x_wide_fifo.stage_0__x_deep_fifo.un1_rd_addr_cry_7_0:a[3] because all higher-significance outputs are unused
INFO: Disconnected net debugger.x_snapshot.x_monitor.x_wide_fifo.stage_0__x_deep_fifo.GND from ALU8i pin debugger.x_snapshot.x_monitor.x_wide_fifo.stage_0__x_deep_fifo.un1_rd_addr_cry_7_0:b[3] because all higher-significance outputs are unused
INFO: Disconnected net debugger.x_snapshot.x_monitor.GND from ALU8i pin debugger.x_snapshot.x_monitor.un1_trigger_delay_count_1_cry_0_0_0:a[7] because all higher-significance outputs are unused
INFO: Disconnected net debugger.x_snapshot.x_monitor.GND from ALU8i pin debugger.x_snapshot.x_monitor.un1_trigger_delay_count_1_cry_0_0_0:b[7] because all higher-significance outputs are unused
INFO: Disconnected net debugger.x_snapshot.x_monitor.GND from ALU8i pin debugger.x_snapshot.x_monitor.un1_trigger_delay_count_1_cry_0_0_0:a[6] because all higher-significance outputs are unused
INFO: Disconnected net debugger.x_snapshot.x_monitor.GND from ALU8i pin debugger.x_snapshot.x_monitor.un1_trigger_delay_count_1_cry_0_0_0:b[6] because all higher-significance outputs are unused
INFO: Disconnected net debugger.x_snapshot.x_monitor.GND from ALU8i pin debugger.x_snapshot.x_monitor.un1_trigger_delay_count_1_cry_0_0_0:a[5] because all higher-significance outputs are unused
INFO: Disconnected net debugger.x_snapshot.x_monitor.GND from ALU8i pin debugger.x_snapshot.x_monitor.un1_trigger_delay_count_1_cry_0_0_0:b[5] because all higher-significance outputs are unused
INFO: Disconnected net debugger.x_snapshot.x_monitor.GND from ALU8i pin debugger.x_snapshot.x_monitor.un1_trigger_delay_count_1_cry_0_0_0:a[4] because all higher-significance outputs are unused
INFO: Disconnected net debugger.x_snapshot.x_monitor.GND from ALU8i pin debugger.x_snapshot.x_monitor.un1_trigger_delay_count_1_cry_0_0_0:b[4] because all higher-significance outputs are unused
INFO: Disconnected net sender_object.GND from ALU8i pin sender_object.counter_6_0_cry_24_0:a[7] because all higher-significance outputs are unused
INFO: Disconnected net sender_object.GND from ALU8i pin sender_object.counter_6_0_cry_24_0:b[7] because all higher-significance outputs are unused
INFO: Disconnected net sender_object.GND from ALU8i pin sender_object.counter_6_0_cry_24_0:a[6] because all higher-significance outputs are unused
INFO: Disconnected net sender_object.GND from ALU8i pin sender_object.counter_6_0_cry_24_0:b[6] because all higher-significance outputs are unused
INFO: Disconnected net sender_object.GND from ALU8i pin sender_object.counter_6_0_cry_24_0:a[5] because all higher-significance outputs are unused
INFO: Disconnected net sender_object.GND from ALU8i pin sender_object.counter_6_0_cry_24_0:b[5] because all higher-significance outputs are unused
INFO: Disconnected net sender_object.GND from ALU8i pin sender_object.counter_6_0_cry_24_0:a[4] because all higher-significance outputs are unused
INFO: Disconnected net sender_object.GND from ALU8i pin sender_object.counter_6_0_cry_24_0:b[4] because all higher-significance outputs are unused
INFO: Disconnected net sender_object.GND from ALU8i pin sender_object.counter7_0_0:a[7] because all higher-significance outputs are unused
INFO: Disconnected net sender_object.VCC from ALU8i pin sender_object.counter7_0_0:b[7] because all higher-significance outputs are unused
INFO: Disconnected net sender_object.GND from ALU8i pin sender_object.counter7_0_0:a[6] because all higher-significance outputs are unused
INFO: Disconnected net sender_object.VCC from ALU8i pin sender_object.counter7_0_0:b[6] because all higher-significance outputs are unused
