        Reconditioner Logfile - post_mapping - project_top
        __________________________________________________

ACE -- Achronix CAD Environment -- Version 9.0.1 -- Build  405518 -- Date 2023-03-01 00:42

Design: vp_project - impl_1 - project_top
Device: AC7t1500
Generated on Mon May 15 11:07:08 PDT 2023
Host: simtool-5

INFO: Deleted net debugger.x_jtap_interface.usr2_tdo (net is a zero-pin net)
INFO: Reprogrammed LUT6_T instance debugger.x_snapshot.x_acx_jtap_unit.o_tdo_bus for don't-care pin din4 (due to unnecessary SOURCE/LUT connection): 0xFFFFD800FFFFD800 -> 0xD800D800D800D800.  File: /fpga/vp_eth_loopback_demo/output/syn/rev_1/netlist.vm:1537.
INFO: Disconnected unnecessary SOURCE0_T Gnd_src0_2 from LUT6_T debugger.x_snapshot.x_acx_jtap_unit.o_tdo_bus/pin:din4
INFO: Deleted DFF_T instance debugger.x_snapshot.x_trigger_pipeline.pipeline_wide_38__stage_0_ (delete DFF with constant-0 data pin)
INFO: Tied off floating net debugger.x_snapshot.x_trigger_pipeline.stage[0] to SOURCE0_T: Gnd_src0_2/pin:dout -> net:debugger.x_snapshot.x_trigger_pipeline.stage[0] (delete DFF with constant-0 data pin)
INFO: Deleted DFF_T instance debugger.x_snapshot.x_monitor_pipeline.pipeline_wide_40__stage_0_ (delete DFF with constant-0 data pin)
INFO: Tied off floating net debugger.x_snapshot.x_monitor_pipeline.stage[0] to SOURCE0_T: Gnd_src0_2/pin:dout -> net:debugger.x_snapshot.x_monitor_pipeline.stage[0] (delete DFF with constant-0 data pin)
INFO: Deleted DFF_T instance debugger.x_snapshot.x_monitor_pipeline.pipeline_wide_38__stage_0_ (delete DFF with constant-0 data pin)
INFO: Tied off floating net debugger.x_snapshot.x_monitor_pipeline.stage_0[0] to SOURCE0_T: Gnd_src0_2/pin:dout -> net:debugger.x_snapshot.x_monitor_pipeline.stage_0[0] (delete DFF with constant-0 data pin)
INFO: Deleted DFF_T instance debugger.x_snapshot.x_monitor_pipeline.pipeline_wide_39__stage_0_ (delete DFF with constant-0 data pin)
INFO: Tied off floating net debugger.x_snapshot.x_monitor_pipeline.stage_1[0] to SOURCE0_T: Gnd_src0_2/pin:dout -> net:debugger.x_snapshot.x_monitor_pipeline.stage_1[0] (delete DFF with constant-0 data pin)
INFO: Deleted DFF_T instance debugger.x_snapshot.x_monitor_pipeline.pipeline_wide_40__stage_1_ (delete DFF with constant-0 data pin)
INFO: Tied off floating net debugger.x_snapshot.x_monitor_pipeline.stage_1[1] to SOURCE0_T: Gnd_src0_2/pin:dout -> net:debugger.x_snapshot.x_monitor_pipeline.stage_1[1] (delete DFF with constant-0 data pin)
INFO: Deleted DFF_T instance debugger.x_snapshot.x_monitor_pipeline.pipeline_wide_37__stage_0_ (delete DFF with constant-0 data pin)
INFO: Tied off floating net debugger.x_snapshot.x_monitor_pipeline.stage_4[0] to SOURCE0_T: Gnd_src0_2/pin:dout -> net:debugger.x_snapshot.x_monitor_pipeline.stage_4[0] (delete DFF with constant-0 data pin)
INFO: Deleted DFF_T instance debugger.x_snapshot.x_trigger_pipeline.pipeline_wide_39__stage_0_ (delete DFF with constant-0 data pin)
INFO: Tied off floating net debugger.x_snapshot.x_trigger_pipeline.stage_0[0] to SOURCE0_T: Gnd_src0_2/pin:dout -> net:debugger.x_snapshot.x_trigger_pipeline.stage_0[0] (delete DFF with constant-0 data pin)
INFO: Deleted DFF_T instance debugger.x_snapshot.x_trigger_pipeline.pipeline_wide_37__stage_0_ (delete DFF with constant-0 data pin)
INFO: Tied off floating net debugger.x_snapshot.x_trigger_pipeline.stage_2[0] to SOURCE0_T: Gnd_src0_2/pin:dout -> net:debugger.x_snapshot.x_trigger_pipeline.stage_2[0] (delete DFF with constant-0 data pin)
INFO: Deleted DFF_T instance debugger.x_snapshot.x_trigger_pipeline.pipeline_wide_38__stage_1_ (delete DFF with constant-0 data pin)
INFO: Tied off floating net debugger.x_snapshot.x_trigger_pipeline.stage_2[1] to SOURCE0_T: Gnd_src0_2/pin:dout -> net:debugger.x_snapshot.x_trigger_pipeline.stage_2[1] (delete DFF with constant-0 data pin)
INFO: Deleted DFF_T instance debugger.x_snapshot.x_monitor_pipeline.pipeline_wide_38__stage_1_ (delete DFF with constant-0 data pin)
INFO: Tied off floating net debugger.x_snapshot.x_monitor_pipeline.stage[1] to SOURCE0_T: Gnd_src0_2/pin:dout -> net:debugger.x_snapshot.x_monitor_pipeline.stage[1] (delete DFF with constant-0 data pin)
INFO: Deleted DFF_T instance debugger.x_snapshot.x_monitor_pipeline.pipeline_wide_39__stage_1_ (delete DFF with constant-0 data pin)
INFO: Tied off floating net debugger.x_snapshot.x_monitor_pipeline.stage_0[1] to SOURCE0_T: Gnd_src0_2/pin:dout -> net:debugger.x_snapshot.x_monitor_pipeline.stage_0[1] (delete DFF with constant-0 data pin)
INFO: Deleted DFF_T instance debugger.x_snapshot.x_monitor_pipeline.pipeline_wide_40__stage_2_ (delete DFF with constant-0 data pin)
INFO: Tied off floating net debugger.x_snapshot.monitor_signals[40] to SOURCE0_T: Gnd_src0_2/pin:dout -> net:debugger.x_snapshot.monitor_signals[40] (delete DFF with constant-0 data pin)
INFO: Deleted DFF_T instance debugger.x_snapshot.x_monitor_pipeline.pipeline_wide_37__stage_1_ (delete DFF with constant-0 data pin)
INFO: Tied off floating net debugger.x_snapshot.x_monitor_pipeline.stage_3[1] to SOURCE0_T: Gnd_src0_2/pin:dout -> net:debugger.x_snapshot.x_monitor_pipeline.stage_3[1] (delete DFF with constant-0 data pin)
INFO: Deleted DFF_T instance debugger.x_snapshot.x_monitor_pipeline.pipeline_wide_38__stage_2_ (delete DFF with constant-0 data pin)
INFO: Tied off floating net debugger.x_snapshot.monitor_signals[38] to SOURCE0_T: Gnd_src0_2/pin:dout -> net:debugger.x_snapshot.monitor_signals[38] (delete DFF with constant-0 data pin)
INFO: Deleted DFF_T instance debugger.x_snapshot.x_trigger_pipeline.pipeline_wide_39__stage_1_ (delete DFF with constant-0 data pin)
INFO: Tied off floating net debugger.x_snapshot.x_trigger_pipeline.stage[1] to SOURCE0_T: Gnd_src0_2/pin:dout -> net:debugger.x_snapshot.x_trigger_pipeline.stage[1] (delete DFF with constant-0 data pin)
INFO: Deleted DFF_T instance debugger.x_snapshot.x_trigger_pipeline.pipeline_wide_37__stage_1_ (delete DFF with constant-0 data pin)
INFO: Tied off floating net debugger.x_snapshot.x_trigger_pipeline.stage_1[1] to SOURCE0_T: Gnd_src0_2/pin:dout -> net:debugger.x_snapshot.x_trigger_pipeline.stage_1[1] (delete DFF with constant-0 data pin)
INFO: Deleted DFF_T instance debugger.x_snapshot.x_trigger_pipeline.pipeline_wide_38__stage_2_ (delete DFF with constant-0 data pin)
INFO: Tied off floating net debugger.x_snapshot.trigger_signals[38] to SOURCE0_T: Gnd_src0_2/pin:dout -> net:debugger.x_snapshot.trigger_signals[38] (delete DFF with constant-0 data pin)
INFO: Reprogrammed LUT6_T instance debugger.x_snapshot.x_monitor.x_all_triggers.eval_trigger_3__x_trigger.x_bit_match_38_.r_s_0 for don't-care pin din1 (due to unnecessary SOURCE/LUT connection): 0x9655965596559655 -> 0x5A555A555A555A55.  File: /fpga/vp_eth_loopback_demo/output/syn/rev_1/netlist.vm:17096.
INFO: Disconnected unnecessary SOURCE0_T Gnd_src0_2 from LUT6_T debugger.x_snapshot.x_monitor.x_all_triggers.eval_trigger_3__x_trigger.x_bit_match_38_.r_s_0/pin:din1
INFO: Reprogrammed LUT6_T instance debugger.x_snapshot.x_monitor.x_all_triggers.eval_trigger_3__x_trigger.x_bit_match_38_.edge_trigger.prev_ok_2_0 for don't-care pin din0 (due to unnecessary SOURCE/LUT connection): 0x6666666666666666 -> 0xCCCCCCCCCCCCCCCC.  File: /fpga/vp_eth_loopback_demo/output/syn/rev_1/netlist.vm:17104.
INFO: Disconnected unnecessary SOURCE0_T Gnd_src0_2 from LUT6_T debugger.x_snapshot.x_monitor.x_all_triggers.eval_trigger_3__x_trigger.x_bit_match_38_.edge_trigger.prev_ok_2_0/pin:din0
INFO: Reprogrammed LUT6_T instance debugger.x_snapshot.x_monitor.x_all_triggers.eval_trigger_2__x_trigger.x_bit_match_38_.r_s_0 for don't-care pin din1 (due to unnecessary SOURCE/LUT connection): 0x9655965596559655 -> 0x5A555A555A555A55.  File: /fpga/vp_eth_loopback_demo/output/syn/rev_1/netlist.vm:14021.
INFO: Disconnected unnecessary SOURCE0_T Gnd_src0_2 from LUT6_T debugger.x_snapshot.x_monitor.x_all_triggers.eval_trigger_2__x_trigger.x_bit_match_38_.r_s_0/pin:din1
INFO: Reprogrammed LUT6_T instance debugger.x_snapshot.x_monitor.x_all_triggers.eval_trigger_2__x_trigger.x_bit_match_38_.edge_trigger.prev_ok_2_0 for don't-care pin din0 (due to unnecessary SOURCE/LUT connection): 0x6666666666666666 -> 0xCCCCCCCCCCCCCCCC.  File: /fpga/vp_eth_loopback_demo/output/syn/rev_1/netlist.vm:14029.
INFO: Disconnected unnecessary SOURCE0_T Gnd_src0_2 from LUT6_T debugger.x_snapshot.x_monitor.x_all_triggers.eval_trigger_2__x_trigger.x_bit_match_38_.edge_trigger.prev_ok_2_0/pin:din0
INFO: Reprogrammed LUT6_T instance debugger.x_snapshot.x_monitor.x_all_triggers.eval_trigger_1__x_trigger.x_bit_match_38_.r_s_0 for don't-care pin din1 (due to unnecessary SOURCE/LUT connection): 0x9655965596559655 -> 0x5A555A555A555A55.  File: /fpga/vp_eth_loopback_demo/output/syn/rev_1/netlist.vm:10946.
INFO: Disconnected unnecessary SOURCE0_T Gnd_src0_2 from LUT6_T debugger.x_snapshot.x_monitor.x_all_triggers.eval_trigger_1__x_trigger.x_bit_match_38_.r_s_0/pin:din1
INFO: Reprogrammed LUT6_T instance debugger.x_snapshot.x_monitor.x_all_triggers.eval_trigger_1__x_trigger.x_bit_match_38_.edge_trigger.prev_ok_2_0 for don't-care pin din0 (due to unnecessary SOURCE/LUT connection): 0x6666666666666666 -> 0xCCCCCCCCCCCCCCCC.  File: /fpga/vp_eth_loopback_demo/output/syn/rev_1/netlist.vm:10954.
INFO: Disconnected unnecessary SOURCE0_T Gnd_src0_2 from LUT6_T debugger.x_snapshot.x_monitor.x_all_triggers.eval_trigger_1__x_trigger.x_bit_match_38_.edge_trigger.prev_ok_2_0/pin:din0
INFO: Deleted DFF_T instance debugger.x_snapshot.x_monitor_pipeline.pipeline_wide_39__stage_2_ (delete DFF with constant-0 data pin)
INFO: Tied off floating net debugger.x_snapshot.monitor_signals[39] to SOURCE0_T: Gnd_src0_2/pin:dout -> net:debugger.x_snapshot.monitor_signals[39] (delete DFF with constant-0 data pin)
INFO: Deleted DFF_T instance debugger.x_snapshot.x_monitor_pipeline.pipeline_wide_37__stage_2_ (delete DFF with constant-0 data pin)
INFO: Tied off floating net debugger.x_snapshot.monitor_signals[37] to SOURCE0_T: Gnd_src0_2/pin:dout -> net:debugger.x_snapshot.monitor_signals[37] (delete DFF with constant-0 data pin)
INFO: Deleted DFF_T instance debugger.x_snapshot.x_trigger_pipeline.pipeline_wide_39__stage_2_ (delete DFF with constant-0 data pin)
INFO: Tied off floating net debugger.x_snapshot.trigger_signals[39] to SOURCE0_T: Gnd_src0_2/pin:dout -> net:debugger.x_snapshot.trigger_signals[39] (delete DFF with constant-0 data pin)
INFO: Deleted DFF_T instance debugger.x_snapshot.x_trigger_pipeline.pipeline_wide_37__stage_2_ (delete DFF with constant-0 data pin)
INFO: Tied off floating net debugger.x_snapshot.trigger_signals[37] to SOURCE0_T: Gnd_src0_2/pin:dout -> net:debugger.x_snapshot.trigger_signals[37] (delete DFF with constant-0 data pin)
INFO: Reprogrammed LUT6_T instance debugger.x_snapshot.x_monitor.x_all_triggers.eval_trigger_1__x_trigger.x_bit_match_39_.r_s_0 for don't-care pin din1 (due to unnecessary SOURCE/LUT connection): 0x9655965596559655 -> 0x5A555A555A555A55.  File: /fpga/vp_eth_loopback_demo/output/syn/rev_1/netlist.vm:11009.
INFO: Disconnected unnecessary SOURCE0_T Gnd_src0_2 from LUT6_T debugger.x_snapshot.x_monitor.x_all_triggers.eval_trigger_1__x_trigger.x_bit_match_39_.r_s_0/pin:din1
INFO: Reprogrammed LUT6_T instance debugger.x_snapshot.x_monitor.x_all_triggers.eval_trigger_2__x_trigger.x_bit_match_39_.r_s_0 for don't-care pin din1 (due to unnecessary SOURCE/LUT connection): 0x9655965596559655 -> 0x5A555A555A555A55.  File: /fpga/vp_eth_loopback_demo/output/syn/rev_1/netlist.vm:14084.
INFO: Disconnected unnecessary SOURCE0_T Gnd_src0_2 from LUT6_T debugger.x_snapshot.x_monitor.x_all_triggers.eval_trigger_2__x_trigger.x_bit_match_39_.r_s_0/pin:din1
INFO: Reprogrammed LUT6_T instance debugger.x_snapshot.x_monitor.x_all_triggers.eval_trigger_3__x_trigger.x_bit_match_39_.r_s_0 for don't-care pin din1 (due to unnecessary SOURCE/LUT connection): 0x9655965596559655 -> 0x5A555A555A555A55.  File: /fpga/vp_eth_loopback_demo/output/syn/rev_1/netlist.vm:17159.
INFO: Disconnected unnecessary SOURCE0_T Gnd_src0_2 from LUT6_T debugger.x_snapshot.x_monitor.x_all_triggers.eval_trigger_3__x_trigger.x_bit_match_39_.r_s_0/pin:din1
INFO: Reprogrammed LUT6_T instance debugger.x_snapshot.x_monitor.x_all_triggers.eval_trigger_3__x_trigger.x_bit_match_39_.edge_trigger.prev_ok_2_0 for don't-care pin din0 (due to unnecessary SOURCE/LUT connection): 0x6666666666666666 -> 0xCCCCCCCCCCCCCCCC.  File: /fpga/vp_eth_loopback_demo/output/syn/rev_1/netlist.vm:17167.
INFO: Disconnected unnecessary SOURCE0_T Gnd_src0_2 from LUT6_T debugger.x_snapshot.x_monitor.x_all_triggers.eval_trigger_3__x_trigger.x_bit_match_39_.edge_trigger.prev_ok_2_0/pin:din0
INFO: Reprogrammed LUT6_T instance debugger.x_snapshot.x_monitor.x_all_triggers.eval_trigger_3__x_trigger.x_bit_match_37_.r_s_0 for don't-care pin din1 (due to unnecessary SOURCE/LUT connection): 0x9655965596559655 -> 0x5A555A555A555A55.  File: /fpga/vp_eth_loopback_demo/output/syn/rev_1/netlist.vm:17033.
INFO: Disconnected unnecessary SOURCE0_T Gnd_src0_2 from LUT6_T debugger.x_snapshot.x_monitor.x_all_triggers.eval_trigger_3__x_trigger.x_bit_match_37_.r_s_0/pin:din1
INFO: Reprogrammed LUT6_T instance debugger.x_snapshot.x_monitor.x_all_triggers.eval_trigger_3__x_trigger.x_bit_match_37_.edge_trigger.prev_ok_2_0 for don't-care pin din0 (due to unnecessary SOURCE/LUT connection): 0x6666666666666666 -> 0xCCCCCCCCCCCCCCCC.  File: /fpga/vp_eth_loopback_demo/output/syn/rev_1/netlist.vm:17041.
INFO: Disconnected unnecessary SOURCE0_T Gnd_src0_2 from LUT6_T debugger.x_snapshot.x_monitor.x_all_triggers.eval_trigger_3__x_trigger.x_bit_match_37_.edge_trigger.prev_ok_2_0/pin:din0
INFO: Reprogrammed LUT6_T instance debugger.x_snapshot.x_monitor.x_all_triggers.eval_trigger_2__x_trigger.x_bit_match_39_.edge_trigger.prev_ok_2_0 for don't-care pin din0 (due to unnecessary SOURCE/LUT connection): 0x6666666666666666 -> 0xCCCCCCCCCCCCCCCC.  File: /fpga/vp_eth_loopback_demo/output/syn/rev_1/netlist.vm:14092.
INFO: Disconnected unnecessary SOURCE0_T Gnd_src0_2 from LUT6_T debugger.x_snapshot.x_monitor.x_all_triggers.eval_trigger_2__x_trigger.x_bit_match_39_.edge_trigger.prev_ok_2_0/pin:din0
INFO: Reprogrammed LUT6_T instance debugger.x_snapshot.x_monitor.x_all_triggers.eval_trigger_2__x_trigger.x_bit_match_37_.r_s_0 for don't-care pin din1 (due to unnecessary SOURCE/LUT connection): 0x9655965596559655 -> 0x5A555A555A555A55.  File: /fpga/vp_eth_loopback_demo/output/syn/rev_1/netlist.vm:13958.
INFO: Disconnected unnecessary SOURCE0_T Gnd_src0_2 from LUT6_T debugger.x_snapshot.x_monitor.x_all_triggers.eval_trigger_2__x_trigger.x_bit_match_37_.r_s_0/pin:din1
INFO: Reprogrammed LUT6_T instance debugger.x_snapshot.x_monitor.x_all_triggers.eval_trigger_2__x_trigger.x_bit_match_37_.edge_trigger.prev_ok_2_0 for don't-care pin din0 (due to unnecessary SOURCE/LUT connection): 0x6666666666666666 -> 0xCCCCCCCCCCCCCCCC.  File: /fpga/vp_eth_loopback_demo/output/syn/rev_1/netlist.vm:13966.
INFO: Disconnected unnecessary SOURCE0_T Gnd_src0_2 from LUT6_T debugger.x_snapshot.x_monitor.x_all_triggers.eval_trigger_2__x_trigger.x_bit_match_37_.edge_trigger.prev_ok_2_0/pin:din0
INFO: Reprogrammed LUT6_T instance debugger.x_snapshot.x_monitor.x_all_triggers.eval_trigger_1__x_trigger.x_bit_match_39_.edge_trigger.prev_ok_2_0 for don't-care pin din0 (due to unnecessary SOURCE/LUT connection): 0x6666666666666666 -> 0xCCCCCCCCCCCCCCCC.  File: /fpga/vp_eth_loopback_demo/output/syn/rev_1/netlist.vm:11017.
INFO: Disconnected unnecessary SOURCE0_T Gnd_src0_2 from LUT6_T debugger.x_snapshot.x_monitor.x_all_triggers.eval_trigger_1__x_trigger.x_bit_match_39_.edge_trigger.prev_ok_2_0/pin:din0
INFO: Reprogrammed LUT6_T instance debugger.x_snapshot.x_monitor.x_all_triggers.eval_trigger_1__x_trigger.x_bit_match_37_.r_s_0 for don't-care pin din1 (due to unnecessary SOURCE/LUT connection): 0x9655965596559655 -> 0x5A555A555A555A55.  File: /fpga/vp_eth_loopback_demo/output/syn/rev_1/netlist.vm:10883.
INFO: Disconnected unnecessary SOURCE0_T Gnd_src0_2 from LUT6_T debugger.x_snapshot.x_monitor.x_all_triggers.eval_trigger_1__x_trigger.x_bit_match_37_.r_s_0/pin:din1
INFO: Reprogrammed LUT6_T instance debugger.x_snapshot.x_monitor.x_all_triggers.eval_trigger_1__x_trigger.x_bit_match_37_.edge_trigger.prev_ok_2_0 for don't-care pin din0 (due to unnecessary SOURCE/LUT connection): 0x6666666666666666 -> 0xCCCCCCCCCCCCCCCC.  File: /fpga/vp_eth_loopback_demo/output/syn/rev_1/netlist.vm:10891.
INFO: Disconnected unnecessary SOURCE0_T Gnd_src0_2 from LUT6_T debugger.x_snapshot.x_monitor.x_all_triggers.eval_trigger_1__x_trigger.x_bit_match_37_.edge_trigger.prev_ok_2_0/pin:din0
INFO: Deleted net debugger.x_snapshot.x_monitor_pipeline.din[40] (net is dangling)
INFO: Deleted net debugger.x_snapshot.x_monitor_pipeline.din[39] (net is dangling)
INFO: Deleted net debugger.x_snapshot.x_monitor_pipeline.din[37] (net is dangling)
INFO: Deleted net debugger.x_snapshot.x_monitor_pipeline.din[38] (net is dangling)
INFO: Deleted net debugger.x_snapshot.x_trigger_pipeline.din[37] (net is dangling)
INFO: Deleted net debugger.x_snapshot.x_trigger_pipeline.din[39] (net is dangling)
INFO: Deleted net debugger.x_snapshot.x_trigger_pipeline.din[38] (net is dangling)
