        Reconditioner Logfile - post_prepare - project_top
        __________________________________________________

ACE -- Achronix CAD Environment -- Version 9.0.1 -- Build  405518 -- Date 2023-03-01 00:42

Design: vp_project - impl_1 - project_top
Device: AC7t1500
Generated on Mon May 15 11:07:13 PDT 2023
Host: simtool-5

INFO: Cloned LUT debugger.x_snapshot.x_monitor.read_data_0_0 (correcting LUT to SEQ connection with multiple fanout) fanout: debugger.x_snapshot.x_monitor.read_data_0_0_DUP_0_i_RR5/pin:dout -> debugger.x_snapshot.N_9920_0_DUP_0_n_RR5 -> debugger.x_snapshot.x_monitor.x_wide_fifo.stage_0__x_deep_fifo.rd_addr_ret_9_mod/pin:d
INFO: Permuted A[1] and B[1] inputs on ALU8i_T debugger.x_snapshot.x_monitor.x_pre_store.un1_pre_store_extra_1_cry_0_0 (Moving LUT driver from B to A input)
INFO: Permuted A[2] and B[2] inputs on ALU8i_T debugger.x_snapshot.x_monitor.x_pre_store.un1_pre_store_extra_1_cry_0_0 (Moving LUT driver from B to A input)
INFO: Permuted A[3] and B[3] inputs on ALU8i_T debugger.x_snapshot.x_monitor.x_pre_store.un1_pre_store_extra_1_cry_0_0 (Moving LUT driver from B to A input)
INFO: Permuted A[4] and B[4] inputs on ALU8i_T debugger.x_snapshot.x_monitor.x_pre_store.un1_pre_store_extra_1_cry_0_0 (Moving LUT driver from B to A input)
INFO: Permuted A[5] and B[5] inputs on ALU8i_T debugger.x_snapshot.x_monitor.x_pre_store.un1_pre_store_extra_1_cry_0_0 (Moving LUT driver from B to A input)
INFO: Permuted A[6] and B[6] inputs on ALU8i_T debugger.x_snapshot.x_monitor.x_pre_store.un1_pre_store_extra_1_cry_0_0 (Moving LUT driver from B to A input)
INFO: Permuted A[7] and B[7] inputs on ALU8i_T debugger.x_snapshot.x_monitor.x_pre_store.un1_pre_store_extra_1_cry_0_0 (Moving LUT driver from B to A input)
INFO: Permuted A[0] and B[0] inputs on ALU8i_T debugger.x_snapshot.x_monitor.x_pre_store.un1_pre_store_extra_1_cry_8_0_0 (Moving LUT driver from B to A input)
INFO: Permuted A[1] and B[1] inputs on ALU8i_T debugger.x_snapshot.x_monitor.x_pre_store.un1_pre_store_extra_1_cry_8_0_0 (Moving LUT driver from B to A input)
INFO: Permuted A[0] and B[0] inputs on ALU8i_T debugger.x_snapshot.x_monitor.un1_trigger_delay_count_1_cry_0_0_0 (Moving LUT driver from B to A input)
INFO: Permuted A[1] and B[1] inputs on ALU8i_T debugger.x_snapshot.x_monitor.un1_trigger_delay_count_1_cry_0_0_0 (Moving LUT driver from B to A input)
INFO: Permuted A[2] and B[2] inputs on ALU8i_T debugger.x_snapshot.x_monitor.un1_trigger_delay_count_1_cry_0_0_0 (Moving LUT driver from B to A input)
INFO: Permuted A[1] and B[1] inputs on ALU8i_T debugger.x_snapshot.x_monitor.x_wide_fifo.x_bram_fifo_ctrl.num_items_cry_0_0_ (Moving LUT driver from B to A input)
INFO: Permuted A[2] and B[2] inputs on ALU8i_T debugger.x_snapshot.x_monitor.x_wide_fifo.x_bram_fifo_ctrl.num_items_cry_0_0_ (Moving LUT driver from B to A input)
INFO: Permuted A[3] and B[3] inputs on ALU8i_T debugger.x_snapshot.x_monitor.x_wide_fifo.x_bram_fifo_ctrl.num_items_cry_0_0_ (Moving LUT driver from B to A input)
INFO: Permuted A[4] and B[4] inputs on ALU8i_T debugger.x_snapshot.x_monitor.x_wide_fifo.x_bram_fifo_ctrl.num_items_cry_0_0_ (Moving LUT driver from B to A input)
INFO: Permuted A[5] and B[5] inputs on ALU8i_T debugger.x_snapshot.x_monitor.x_wide_fifo.x_bram_fifo_ctrl.num_items_cry_0_0_ (Moving LUT driver from B to A input)
INFO: Permuted A[6] and B[6] inputs on ALU8i_T debugger.x_snapshot.x_monitor.x_wide_fifo.x_bram_fifo_ctrl.num_items_cry_0_0_ (Moving LUT driver from B to A input)
INFO: Permuted A[7] and B[7] inputs on ALU8i_T debugger.x_snapshot.x_monitor.x_wide_fifo.x_bram_fifo_ctrl.num_items_cry_0_0_ (Moving LUT driver from B to A input)
INFO: Permuted A[0] and B[0] inputs on ALU8i_T debugger.x_snapshot.x_monitor.x_wide_fifo.x_bram_fifo_ctrl.num_items_cry_0_7_ (Moving LUT driver from B to A input)
INFO: Permuted A[1] and B[1] inputs on ALU8i_T debugger.x_snapshot.x_monitor.x_wide_fifo.x_bram_fifo_ctrl.num_items_cry_0_7_ (Moving LUT driver from B to A input)
INFO: Permuted A[2] and B[2] inputs on ALU8i_T debugger.x_snapshot.x_monitor.x_wide_fifo.x_bram_fifo_ctrl.num_items_cry_0_7_ (Moving LUT driver from B to A input)
INFO: Permuted A[0] and B[0] inputs on ALU8i_T sender_object.counter7_0_0 (Moving LUT driver from B to A input)
INFO: Permuted A[1] and B[1] inputs on ALU8i_T sender_object.counter7_0_0 (Moving LUT driver from B to A input)
INFO: Permuted A[2] and B[2] inputs on ALU8i_T sender_object.counter7_0_0 (Moving LUT driver from B to A input)
INFO: Permuted A[3] and B[3] inputs on ALU8i_T sender_object.counter7_0_0 (Moving LUT driver from B to A input)
