`pragma protect begin_protected
`pragma protect encrypt_agent="Achronix CAD Environment"
`pragma protect encoding=(enctype="base64")
`pragma protect version = 1
`pragma protect data_method="aes128-cbc"
`pragma protect key_keyowner="MTI"
`pragma protect key_keyname="MGC-DVT-MTI"
`pragma protect key_method="rsa"
`pragma protect key_block
pzexmx9/4f1TX7mWDc4/KQX1ZkIelNfdawK/lEGOqLllbsPYo9j1HaMj/DO6x9qKlY1pM1ebTD3G
9nQ/ZvehARilN8BJ1sejLImKSeyrObDSFd8nYhm69Hni1dzO7A7lym/bpX+04M/CWbLgjia5ozWP
Vh6BhIopsa4Tw/q1G+Y=
`pragma protect encoding=(enctype="base64")
`pragma protect key_keyowner="Achronix"
`pragma protect key_keyname="ACHRONIX07_000"
`pragma protect key_method="rsa"
`pragma protect key_block
eF6nb4AzFplrNy4i0JEwQXVZN9xvl3gfBogb/SOG91avTUcnC5JrsUyKyff36mXStULX8jpdQnCK
iPdEPDWTphuDNXeEJ8x2W1lJO7EXRm8aGpLjranFYkhu19kgB8lMjwlbySqx6oNaAswgmIr0Hmsh
tyCjCU6h6Hmag58r9MJm+ocQYbar1q8szwqrjGljDEtdkVznaDKReKqHzPnVsdWWJOEX8HSluRrK
YrkXt0z0fDq0xYwI1mTywDO4hB1go5Xxtd4kk0irR8jwe3Pqu3nUUVDMDfu1scO14eELiYWFgSaj
h1+HseR9dFCWKsy/co3fmpBcs+FhQQt6mcq3Qw==
`pragma protect encoding=(enctype="base64")
`pragma protect key_keyowner="Achronix"
`pragma protect key_keyname="ACHRONIX14_000"
`pragma protect key_method="rsa"
`pragma protect key_block
KhahwYfvRmynuGMNjDjkZowLwiIRs37TC1+tiWtFBHZEukiJkxqiPTFTJTnTBaCFOFI7hUYc8h9W
6hBLCDm9IKFHSZhWCrqpurcyBblpfwLkfZTG7BA1rXdalnYOGZJe2R8Cc/gXzxkWSWTkkfjy4gv7
26QVLZIlzrZDM6LVqBltmhOv0hfKpr9qYhUXTaj70JOgERMs7NgmiYbiYUR510lsbeOAPraxhqjz
D6bdQCQTUvS0hwzXcVQXkRB48RoJ3+JOJPjftrOm5jNHxn06+VupCZBoEq6DOTMXxWStcc3afMcd
cB+AcqB2Vh3oO6d4jA+C7JjkS1pX20fGLKBHNA==
`pragma protect encoding=(enctype="base64")
`pragma protect key_keyowner="Synopsys"
`pragma protect key_keyname="SNPS-VCS-RSA-1"
`pragma protect key_method="rsa"
`pragma protect key_block
E2eLo+Gdx8riGB8dNfgpeWbzMltdQaCXKclvObTdUoBGC/vh+rO9chOQyvxrIPLFGHhstENyOeZV
fQ7ipXX7ap99TWiu2XKjJrmW5cewAU9mG/tCMzDgmEH82ZpWYcTYSq7OXfX63lJaIdlvgdt521fY
4hK14hHxJ2eGdj3EYUU=
`pragma protect encoding=(enctype="base64")
`pragma protect key_keyowner="Synplicity"
`pragma protect key_keyname="SYNP15_1"
`pragma protect key_method="rsa"
`pragma protect key_block
Q5x2PZneDRGCIBUB604kwqjtKzmDLFkExDvz6kE/nSXUq+t7lCzyxBTlYh13fx047iWK680NrLsF
iFAUV+PKTeOH+jQjQ6tVGe0P0yZqW/i4iJH/GOj2cqqwpqYy98WE+GIVz6yb9zuqoNIxkFwOpzhI
gmmFDSjnYuVTIosOD2WnLP9JhE1Nj2KfRmsXqRkUQr71FpAx0RWxGDaMRWZc4VRaznlOutLdtRxz
nGOBVF2EYP7U4o0Cd52loQZkOK/NLlcBbOCIksqqiGMNkd2bsFY/t85UfnGktAA635Wte1TjgC+j
fcDVDBLHHaGDDhj7epfyMCD1RIjLpAbunyYS/w==
`pragma protect encoding=(enctype="base64")
`pragma protect key_keyowner="Aldec"
`pragma protect key_keyname="ALDEC08_001"
`pragma protect key_method="rsa"
`pragma protect key_block
m8RG/9KYHvFG1X6znrSKi4ZT74K06gN8pIpEb7dbt5g7j/XW30wNQNVnAmiM+bhQuCIO3pveSj9S
5HmovVuaszQ9aFI/MHzeqiugus7Waqax6SWOmDnWK5D2u0/TG839O69FL77A5QPsRBNleg6XmBiq
wzBcgbz4zFqzYDGmjw/uxsiT8K58FLxNiX1/GZHjD2+djWmOd6Nw+Md66HarFb6jnpGHh6A6PuL/
EqWuuYQEWYlPFOEFwTOD9HlafkDaJPI6tDweYz+E0zjgFMXVBc/EHN6bw89AybiOOqNTpT4f1aiQ
H0H76kYEFVdz7TCw70x23x3uU62NiyBN7lN4/w==
`pragma protect encoding=(enctype="base64")
`pragma protect key_keyowner="Aldec"
`pragma protect key_keyname="ALDEC15_001"
`pragma protect key_method="rsa"
`pragma protect key_block
MfFw2f1s1LcTp9y4OL8bxBnnz6vle4IKqJpxYGx/K41VrDthtFJEhpzNL+f9RMNwB1ubudzDPQtK
iJkAlbGtoLBrpep/zywQg5I9X/a4dK/wSi3JW0fxbGoEw64Kt5FITv932AlD1yNTdsVQWzh22oUE
vJy2eLtFp0mfefeRc5TL9xqKfnZIjUx4V1hSKebzBHS9QjDuba03WO0zACmU8yDIW8DfndZrwKyx
vGbetQzz7AF9Z56wdpiam41s1mFeYamyxTNVn5vzu4g5IuYPrlfT+weJpHiERCSCCJtZoUj+zYhL
2nLM+KQjoYaWgkrZChE2Do91qf8P9/kzePDyBQ==
`pragma protect encoding=(enctype="base64")
`pragma protect key_keyowner="Cadence Design Systems."
`pragma protect key_keyname="CDS_RSA_KEY_VER_1"
`pragma protect key_method="rsa"
`pragma protect key_block
eNe1xZ49+f5DLTl0IzbV8DP5kpFhJFfYNjaMiOJKGTdumHRT21TLd9EGyBc27SLh3HdHVgu9CfqH
xAODX/Iwmn5N0agC15v107zCCsVycTXmaUJEz6FjyZ3kuGowoymyJzu7PDgbB9nO8Ic7N+wxiHK1
of3Ux8bcC8TJveO39LpXit/4VrQMRSz74wxEitsMnCZ9WnT5pTU1FUPrnzFZSrJEmgqsqWzAbLiK
p8G1CK4zJ6S+S0BNesGrOR+TWrp6XwvL8zNwFhoDdxFb9qaJlNj5vEBwwELVrznJz89LZzQsgw/e
7qoKbgPaYadx4Ye+mNRCBNUe2w8PKvOvhyVbpw==
`pragma protect encoding=(enctype="base64", line_length=76, bytes=256)                
`pragma protect data_block
lP8E1+XdcySjIHeRyIDE0cAGcp5gr7645FpDeTtwCkZpHTmQPAdaknwxlxKC/VzILDw88KFYLvXP
+UNIliL1Hq89RNHb4RD7wi2U5BPOpnMyqdP4kvfJ/8bMZOjOTqKBoizA97Zr15l5k3zsDij97S9E
LL0JfhJ29sXHhYEsbAcYZBmtae543UN9CNxfuw6j5xUVGUSTFNe0JE1TSLmWlqkKB0zyJIsTdu2F
0J+xnmvtkv/1K1wFzdyJvyxKdQ26vgBGBhWp6RYnD5cv5q5IUqdfZQy1LhyoB9OXqX8uQZ86dhqo
RR6gkTbmuIwf7HlX+n6XWGEH+RFizrWpWaL8Xw==
`pragma protect end_protected
