`pragma protect begin_protected
`pragma protect encrypt_agent="Achronix CAD Environment"
`pragma protect encoding=(enctype="base64")
`pragma protect version = 1
`pragma protect data_method="aes128-cbc"
`pragma protect key_keyowner="MTI"
`pragma protect key_keyname="MGC-DVT-MTI"
`pragma protect key_method="rsa"
`pragma protect key_block
kmnZK8j94r/FU9rmAA8NoZTEACMmE7cP9zK6Q+2hRriGRJ/ySzpXvHQ5cY7YCI5/psGvkCtu9mp9
248x+0cTM2l5OnFH/0nXbqLzYWIcq7vqQsdCQgunpOFOh02HmT1SIev7ARWanMT5QjazCZkRUTc1
MosDRSkeAb/WyAaTNdk=
`pragma protect encoding=(enctype="base64")
`pragma protect key_keyowner="Achronix"
`pragma protect key_keyname="ACHRONIX07_000"
`pragma protect key_method="rsa"
`pragma protect key_block
M7kcD9VCAJPAzFEYIXwkK3W3OjDPuqNTp+F0a6dj3HLx9U1H/dMt8l7Tk7Y4Sy8NXTus1eVz0EFz
BSLnajgSfKDZfNs7+soaY3lg7QUWYNzq6pb0hM/AHAzAsev4SIjgK87mZ+FDKWRlqjR3iMc73tFU
GQ88eulH0jmAmUM6OxE8hRu6dBxI0qIg3m2r0AVAE+DO9cgQrIwhhddD6ernYeFZmYbpLDIueWyz
WAmq5TKbWBAzTYnuskPSNreBvVWnLy2chBn0Di0o7uxXKshGCOxd8Pg5Qx98GIfof2X2fL1vZdvS
43G+F46CrE2tO42/gKh5idVJ6gd9kvoCBY+cxg==
`pragma protect encoding=(enctype="base64")
`pragma protect key_keyowner="Achronix"
`pragma protect key_keyname="ACHRONIX14_000"
`pragma protect key_method="rsa"
`pragma protect key_block
Dbh6u9Xxc49LFTCStdIAat2OdqxLuStNSQJ1Jw6IrddQ4sMIioSPV200KI5kkAYGIP3oXA5lpz+I
4ucwZTXuSKaaHAEmwkOR8b7gh1CYS1bmq8njimUku6KeROMfLiGW/I7PjBC2h/jiWWe17E0QhUnE
Lt1qEX4uK+sEj9Z4+sEWcAx8Eo1mLaWtmQDqYdkL/xirs+Ohrwzwxekx1oopk3jDegBb3fCfKxAI
JfKr5v6A2WbisMIhkIW+YaoutU9K36qixmhlZum+0/Y0PfOKoJvMQ8TcSUnq4/dtguy9Vw/iiNrf
oGs8GXs5OAIV/7XvMbH6fuei6BSFdM7ixvdHzw==
`pragma protect encoding=(enctype="base64")
`pragma protect key_keyowner="Synopsys"
`pragma protect key_keyname="SNPS-VCS-RSA-1"
`pragma protect key_method="rsa"
`pragma protect key_block
IALFiAH00DFGi6uRvdvL3F/rgk/O92shm+VRVpYOK0sgjaK7Sboi3HU+G8XPk2TBhSoarjZ5gqE8
pi2/gzCmoun5Gzn7CbxNjQ1h1PwyOAaxtDJG+kwxPB1xGqbNkd7ad5TicvUJty8YjBHN0K4KjkBT
I0dgGD82gHMb9pEjFpw=
`pragma protect encoding=(enctype="base64")
`pragma protect key_keyowner="Synplicity"
`pragma protect key_keyname="SYNP15_1"
`pragma protect key_method="rsa"
`pragma protect key_block
lwJH/c8wJRmccOZjAICDg1heyN7iujtvOjI4ad28aG83L+n56vVRja7uHN7MILt8fHy6iOVT1/uk
jycKjg+ZAwtsgmm9iz2jTmEZ+7QMmUlOrqzu+wgvVZXKCX9FVdWF2ffCYMVm3YNS6cYRg50A/OXa
7H8rZrPjo8xl0m2gaOxe4ladk7SCqLE8VX/WQR/qemVFDMyz82o4Zx8Un4+E9UVrzdnhbqRFHcG0
PH9E38RK1a4vifOaT/PvTqj91Ot1Lqupj0HTZ8xaSEOnkEj+QPHXq5Xp0ImiVSnTE8Nmy5U6Uv5W
c/B5hOE4RWNMzIjQZtY+r++Q1RrEvAsWzFlwyg==
`pragma protect encoding=(enctype="base64")
`pragma protect key_keyowner="Aldec"
`pragma protect key_keyname="ALDEC08_001"
`pragma protect key_method="rsa"
`pragma protect key_block
i34LPcVMh3omZAyGhtHvvC2Bla67aUzONEqCuNKxh2czQAXuHVx8QmmIUd0NvrNysVOIBozUnSFl
06lp8CrICVeU4uApGuOZZOCkXVnBuRQN2EJcmJP8OpzaeuP2m4pNUuyVedTwhJfIgAD8XCSKS4H0
IqCxd5k8tC1vwCBOt9LC7y4sWxGzoSRUjTj/7q/mtQtPrY7VXxjn6iFHnWa9ykyibiVUw9ZNRtVz
xiUhwE46s5Ik5dpXNShlWnqhIG0SZle6LErZ36syQfkT2TYyd+qj0t0mCCmYInuQy7VcwXrkiG33
JrxXO2wkOmJi9PclQNwt+o7D9aMcozfhemjlbA==
`pragma protect encoding=(enctype="base64")
`pragma protect key_keyowner="Aldec"
`pragma protect key_keyname="ALDEC15_001"
`pragma protect key_method="rsa"
`pragma protect key_block
c3bN8HJVDMAS13aD1qJ+gmio9C7t7VDOqTGyek6ikmF9BNP3RIPcpDXtWMpkzMy+0ieDGBzoxkma
KycbbRA7bPB9xjNGCOHyfSaY7prKvFerrnbr3ixuQHF2Qmlp7KhfonrKIXE8Uaa2/JWhW7xZlx/e
NPp/HsFWDDuXmfiF2JREswSeroClA83FhDkBEjYQ3UyKgAe0YAVKa+h/9AetL5uqJShYAR7avUx3
Z2upI0RGL0rqxVysrNBDavQMdczWriKa2EHMwrrRAvxCR8w169BV5P1FMDGoJ5aGlyK4mY7M0eu/
FihkAMLF0KQ8a/dPECcewm6hm4IZUT1yAM3owA==
`pragma protect encoding=(enctype="base64")
`pragma protect key_keyowner="Cadence Design Systems."
`pragma protect key_keyname="CDS_RSA_KEY_VER_1"
`pragma protect key_method="rsa"
`pragma protect key_block
ivzlG+Szju/rGhzOJm7sHPde2Pfj2OtjYaKGHgwjv+N26aLgTWxMaDU6JFxaxbD+12n9HvvB5hpv
77Pt9ogC8DyEvh0fpCmmuEenJr+vpq92G/IFe3MB0E4UgVFRbGHQHv+FGF5fWBmjIDDEKojAQ+Mi
rGZ2M3EK88hM1EuUTaWbyfnGQS1emva4u5naBJa1uD36Vemn67LHOiwpFTGPPnfgf6TeLiH9NeI/
jKLBr1vmFvYIEJ7RJ5mO5GHAjpa2XHXgzd47mKHf2p/5H+83Qo6AgkXemdtvVCuMJzHDKV0tPtXo
0oxNzyU57rBm601sHtm0vOArDNdub0zA2g0Exw==
`pragma protect encoding=(enctype="base64", line_length=76, bytes=256)                
`pragma protect data_block
srwrlqrvLDqYzQPCMX9KcfLu3TLF/WvET55ZMvhGYkD1VzfNDM8dnhH4OMyJK7m5FI/n6x1NPQUR
DDftLfUwqLrCVzn1qOdsNEI+6L1++741w3oTfq4BOmE0SmgQD99cpBk9ZM22qCx7gpAYUJhKNgcF
/MEglOUr9WgF1CTlSodQFb8ohJUosgcvvs4OnY6nWqWIhmbRbPHfN+cTHEPEqd786iId7QEWWSiC
xTxK5WBXnhjTcMqk9avZLyB5p6vMfAY8LwcpSSYKw8F8QcLZm+fOBuIVB6LysdKtlX7XNDUNN1+G
Tp42C+82dHeWkKjDJEQ+bRDYyz9JgugIljPWdA==
`pragma protect end_protected
