`pragma protect begin_protected
`pragma protect encrypt_agent="Achronix CAD Environment"
`pragma protect encoding=(enctype="base64")
`pragma protect version = 1
`pragma protect data_method="aes128-cbc"
`pragma protect key_keyowner="MTI"
`pragma protect key_keyname="MGC-DVT-MTI"
`pragma protect key_method="rsa"
`pragma protect key_block
Oksu1H9Ul3zEVAE1gDNlP8eoRlvs4ndDeRwt/S58bGGlHs32htWpbf7ZAg6xv3VykPlhbIai5507
cTgIUmzwjYj29A2d9CDXE6CB8kXMUgQfLJfW4fnqU82T1ht1mBztRxD/yLWwQCY6szxiiBrgCbir
3Arck6rGGg4muG/oD3U=
`pragma protect encoding=(enctype="base64")
`pragma protect key_keyowner="Achronix"
`pragma protect key_keyname="ACHRONIX07_000"
`pragma protect key_method="rsa"
`pragma protect key_block
gho++YFgEEQQTJx1YRlQRM57zO16m0S/h4jeITBeE/z3vzUtWWVr9MSRnR0QRutNUl5OHr8QMCmL
Lp0Qw/2VpR1W/07lLqBj19aTVRsCog3iebfzDQrAl3iZoFhzw6B4x4ioAv3hExAna4o/ql8oL+m1
d5q6YO2GjXSQPqa9B4zo56nO9tO9KmdcDEUD/8xTNhFYaYv7vTQtcwJA60Pwbg6JHH2jzBJ5uGdV
lEkUv4s0/+6n/dh8z2xg4MqJ2D5SXZUcx+olRDeComQg0SrwuIx5yEFcU92uWcrR6QIGKzLpB1we
+RcUSAjC8RG2hCxGT9hKmjPbJIDGbQzC1J4hNw==
`pragma protect encoding=(enctype="base64")
`pragma protect key_keyowner="Achronix"
`pragma protect key_keyname="ACHRONIX14_000"
`pragma protect key_method="rsa"
`pragma protect key_block
jODzXwFobTgnv3P76ezOBhN1DmYQ7/Ew/9FIUaXWK4DdJii0PPHVTxM9H0CmHKha+YiO4B5PzC/z
n7Wa9ZMkvOtRjhxZsKjkKmOJ95stRax4P2BQBtOBWK1P3OeEw58GpRR1zgsWF9W1Uo4/zBDB0MzA
j4VHSLeQAC2vXptEfj84PrHlQ/GeKOLLD9jstac8zRbLjRecy5gtf3WFVBp6sUfgxwHx1/F2idC2
NY7Te889/uIxgPAH3V52WZ0o9/txtl6jJ+s/AipCPhoas5WkBCRw/F30eewrnT1P85RkcDm5bc0L
hiTunbPyME2+KUN31LMzn97t76NHNblSA1fYIA==
`pragma protect encoding=(enctype="base64")
`pragma protect key_keyowner="Synopsys"
`pragma protect key_keyname="SNPS-VCS-RSA-1"
`pragma protect key_method="rsa"
`pragma protect key_block
vODkQBCWMxn88xuPPE5c7RTIC9oSgIKgNyZd7xolpVXEiBHOZKqahIGsqirosDD8EFUoKHfu6Lsg
XA96lMXPsqR11melnxAzBd4K+UVSe1FWKbVITXnadH75kXOAgNXqVrGBcElxeFQZufmdffRfu932
O9O8i0hZQQz15wBb0FQ=
`pragma protect encoding=(enctype="base64")
`pragma protect key_keyowner="Synplicity"
`pragma protect key_keyname="SYNP15_1"
`pragma protect key_method="rsa"
`pragma protect key_block
Li5LNB6gJ94vMLmvSbqYSPf+vCbZDWkasYhL4RLEWUK1Yr7OrkrZI7AlGBd0OG7WPfl5jqBlfUVj
uTPDspORV79yl9xcOULMEZpGdGVeqpCvvcSLndmJXpbMB8dkzmVbI3Ip/lO45L5dtXK+NxbuBbms
qDiThYRLVhuAlYoNxobhvQxY++C/ZQD9bjfmQo6bXsqg1it0s8fiBMNwvIXkSi2EcmYGyOM3r8n5
QlmpsVqnHCOaM2sqJC6JS8/XQFHa3mxyvNlYK97XQCiq70EVueTHf4IXvaUXjhL61Wfi1ZxvkclI
L1qj8Qc4uadJWaIW4jk+V3rk7E4oZdJUWF48Fw==
`pragma protect encoding=(enctype="base64")
`pragma protect key_keyowner="Aldec"
`pragma protect key_keyname="ALDEC08_001"
`pragma protect key_method="rsa"
`pragma protect key_block
RO8xf/MGA0pNNqpXhX36//ytLLqZRgB73lxyPmCFI7wbXy6d/Af1tYsQAcS9RYLqtw2+iYzZ3snX
TALOhCcbvjuQeWOYFs/3tCdDcs9LJHEQQmoMLgvYKmwHjFZ7bA2JN4fD+1Vsu5iqEQQ6LXPXPDAC
r2g9DVtsw89cL1Cj28zS1GWu1d0vy2HuogRhPROvOpoJAFpi+5Bq9AhCm69i0ih8L/RR0cmPIDKl
/W6/tuPrBsHcIJCPH1F9ihjK48p7Tacw36hHVVwWzvi91Y8XPfjWkRvaUVzvFcUIwpwUNq1WykJc
TIVHwiAiFONHT/LU14l8ZbzaPCbA9QN5C4FrdQ==
`pragma protect encoding=(enctype="base64")
`pragma protect key_keyowner="Aldec"
`pragma protect key_keyname="ALDEC15_001"
`pragma protect key_method="rsa"
`pragma protect key_block
Y5jtf07eVxLF4b7eJQZuR18QNQBYq6zjd/o9wtJMYvn5O6cswo4iJzmWc3ousYqvuFOCFhQYqZy8
nu8Kl5gezYe/cbrJ3jy9ampABrqRl3KuyrQJ8yUYgHfAysedbfpfdToJuVGCTVfbVYVh93u2KeZT
4eQkLNMremxGyMIDaO/OUXBhOX/TNOVx4q+zQGBHCYyDrKFlxLENMeGh8l657oTfuq6rgAmoZ+Rs
v+RKqCGDhQA7Xr8QbaM19YAt14tXgvsz1LcIoCW9QnflPJRX86vo1YyBzHhoqst2AEp20ac6ghXE
VPxzTMecdY5s6vndbT3VeC07zPhFVovLAF8hFQ==
`pragma protect encoding=(enctype="base64")
`pragma protect key_keyowner="Cadence Design Systems."
`pragma protect key_keyname="CDS_RSA_KEY_VER_1"
`pragma protect key_method="rsa"
`pragma protect key_block
aFI4W4ezP1bAuIE6kI7nV7mRfE4Nx5MaeygK8ii/Z6KgRw8Zgf/1+dDHWt9vw/ljY/DbiNkIJmQW
v00RR+8wzh6ZGp0t6R9oALQiHTJ+r4EbIwVYEj/OhmAodTs9kLj7yb4//oRZzWXNyXmMLUCP8i+m
D3tDblqTFlPwPa7Jp/DPLmNT9ezAMZL7E1WfRAtdaqLu4tcbdBRCgU4mKDcHvQ7EWp8sqXrWNiDP
xTPvHQU5bJtCMhV+/ZDFyC7NbLy5nbrivb9GwN33HVZeWHxzyCIk/qLu+CsjQ5Z+8k5wNs5suwyG
OJHQt1XwpObMEm6adqK5eIMcJSyzEUz3Vs6Dww==
`pragma protect encoding=(enctype="base64", line_length=76, bytes=256)                
`pragma protect data_block
CQJT7BYsuMemnZakpifDgObeelhpYII0oW/oidRZokTKyXiPA9T3NELVafvZ1qbBLNaNzcIsCzJf
2x5L4llt13ZGXEnDRw5y+oQTsUcQs4JbZtaWpNUHL8bUN4IRlKLrPrgWqOVLmxeJ++Ic3Nqa7LaF
LQJLHB5oFEHalbJ2T7GecOjfUxiHIpsj/qQPGpVwfmvqIslwgjDOooxfMNBipVAd+KkAkoDh4UKc
gCb4JjM+GQb4vjUESfTSvWIBrMccz/rjlIlVKiLUC/9HC8qsPXUyMyH4Gxm8k9+ghwqmxQXS0g3w
+KUEifSShQ2IMRkcivhyvnPzx3dMMDUlzPCNYA==
`pragma protect end_protected
